0 info it worked if it ends with ok
1 verbose cli [ 'C:\\Program Files\\nodejs\\node.exe',
1 verbose cli   'C:\\Program Files\\nodejs\\node_modules\\npm\\bin\\npm-cli.js',
1 verbose cli   'publish' ]
2 info using npm@3.10.3
3 info using node@v6.6.0
4 verbose publish [ '.' ]
5 silly cache add args [ '.', null ]
6 verbose cache add spec .
7 silly cache add parsed spec Result {
7 silly cache add   raw: '.',
7 silly cache add   scope: null,
7 silly cache add   escapedName: null,
7 silly cache add   name: null,
7 silly cache add   rawSpec: '.',
7 silly cache add   spec: 'C:\\Users\\Administrator\\Desktop\\fix-date',
7 silly cache add   type: 'directory' }
8 verbose addLocalDirectory C:\Users\Administrator\AppData\Roaming\npm-cache\fix-date\1.1.0\package.tgz not in flight; packing
9 verbose correctMkdir C:\Users\Administrator\AppData\Roaming\npm-cache correctMkdir not in flight; initializing
10 info lifecycle fix-date@1.1.0~prepublish: fix-date@1.1.0
11 silly lifecycle fix-date@1.1.0~prepublish: no script for prepublish, continuing
12 verbose tar pack [ 'C:\\Users\\Administrator\\AppData\\Roaming\\npm-cache\\fix-date\\1.1.0\\package.tgz',
12 verbose tar pack   'C:\\Users\\Administrator\\Desktop\\fix-date' ]
13 verbose tarball C:\Users\Administrator\AppData\Roaming\npm-cache\fix-date\1.1.0\package.tgz
14 verbose folder C:\Users\Administrator\Desktop\fix-date
15 verbose addLocalTarball adding from inside cache C:\Users\Administrator\AppData\Roaming\npm-cache\fix-date\1.1.0\package.tgz
16 verbose correctMkdir C:\Users\Administrator\AppData\Roaming\npm-cache correctMkdir not in flight; initializing
17 silly cache afterAdd fix-date@1.1.0
18 verbose afterAdd C:\Users\Administrator\AppData\Roaming\npm-cache\fix-date\1.1.0\package\package.json not in flight; writing
19 verbose correctMkdir C:\Users\Administrator\AppData\Roaming\npm-cache correctMkdir not in flight; initializing
20 verbose afterAdd C:\Users\Administrator\AppData\Roaming\npm-cache\fix-date\1.1.0\package\package.json written
21 silly publish { name: 'fix-date',
21 silly publish   version: '1.1.0',
21 silly publish   description: 'Solution for `yyyy-MM-dd HH:mm:ss` is `Invalid Date` in Safari, IE, etc',
21 silly publish   author: { name: 'Ken Berkeley', email: 'kenberkeley@foxmail.com' },
21 silly publish   main: 'dist/index.js',
21 silly publish   scripts: { build: 'uglifyjs lib/index.js -c -m -o dist/fix-date.min.js' },
21 silly publish   repository:
21 silly publish    { type: 'git',
21 silly publish      url: 'git+https://github.com/kenberkeley/fix-date.git' },
21 silly publish   keywords: [ 'date', 'parse', 'invalid', 'safari', 'ie' ],
21 silly publish   devDependencies: { 'uglify-js': '^3.0.24' },
21 silly publish   license: 'MIT',
21 silly publish   readme: '# `fix-date`\r\n\r\n[![npm version][npm-v-img]][npm-url]\r\n[![npm download][npm-dl-img]][npm-url]\r\n\r\n> Solution for `yyyy-MM-dd` is `Invalid Date` in Safari, IE, etc  \r\n> No dependencies, min + gzip = 281 B\r\n\r\n1. `npm i -S fix-date`\r\n2. `import \'fix-date\'  // or require(\'fix-date\') at the beginning` \r\n3. no more, that\'s it!\r\n\r\n> You can also use it with `<script src="dist/fix-date.min.js"></script>`\r\n\r\n[npm-url]: https://www.npmjs.com/package/fix-date\r\n[npm-v-img]: http://img.shields.io/npm/v/fix-date.svg\r\n[npm-dl-img]: http://img.shields.io/npm/dm/fix-date.svg\r\n',
21 silly publish   readmeFilename: 'README.md',
21 silly publish   gitHead: '3c73a43aa822271b28579847ebe5b4ba141a7461',
21 silly publish   bugs: { url: 'https://github.com/kenberkeley/fix-date/issues' },
21 silly publish   homepage: 'https://github.com/kenberkeley/fix-date#readme',
21 silly publish   _id: 'fix-date@1.1.0',
21 silly publish   _shasum: '20399bae7c76a726f8d8f462694860845e83d7e9',
21 silly publish   _from: '.' }
22 verbose getPublishConfig undefined
23 silly mapToRegistry name fix-date
24 silly mapToRegistry using default registry
25 silly mapToRegistry registry https://registry.npmjs.org/
26 silly mapToRegistry data Result {
26 silly mapToRegistry   raw: 'fix-date',
26 silly mapToRegistry   scope: null,
26 silly mapToRegistry   escapedName: 'fix-date',
26 silly mapToRegistry   name: 'fix-date',
26 silly mapToRegistry   rawSpec: '',
26 silly mapToRegistry   spec: 'latest',
26 silly mapToRegistry   type: 'tag' }
27 silly mapToRegistry uri https://registry.npmjs.org/fix-date
28 verbose publish registryBase https://registry.npmjs.org/
29 silly publish uploading C:\Users\Administrator\AppData\Roaming\npm-cache\fix-date\1.1.0\package.tgz
30 verbose request uri https://registry.npmjs.org/fix-date
31 verbose request sending authorization for write operation
32 info attempt registry request try #1 at 12:54:03
33 verbose request using bearer token for auth
34 verbose request id 66e59569d7bdc5c7
35 http request PUT https://registry.npmjs.org/fix-date
36 info retry will retry, error on last attempt: Error: connect ETIMEDOUT 151.101.72.162:443
37 info attempt registry request try #2 at 12:54:34
38 verbose request using bearer token for auth
39 http request PUT https://registry.npmjs.org/fix-date
40 info retry will retry, error on last attempt: Error: connect ETIMEDOUT 151.101.72.162:443
41 info attempt registry request try #3 at 12:55:55
42 verbose request using bearer token for auth
43 http request PUT https://registry.npmjs.org/fix-date
44 verbose request invalidating C:\Users\Administrator\AppData\Roaming\npm-cache\registry.npmjs.org\fix-date on PUT
45 error publish Failed PUT undefined
46 verbose stack Error: connect ETIMEDOUT 151.101.72.162:443
46 verbose stack     at Object.exports._errnoException (util.js:1036:11)
46 verbose stack     at exports._exceptionWithHostPort (util.js:1059:20)
46 verbose stack     at TCPConnectWrap.afterConnect [as oncomplete] (net.js:1080:14)
47 verbose cwd C:\Users\Administrator\Desktop\fix-date
48 error Windows_NT 6.1.7601
49 error argv "C:\\Program Files\\nodejs\\node.exe" "C:\\Program Files\\nodejs\\node_modules\\npm\\bin\\npm-cli.js" "publish"
50 error node v6.6.0
51 error npm  v3.10.3
52 error code ETIMEDOUT
53 error errno ETIMEDOUT
54 error syscall connect
55 error network connect ETIMEDOUT 151.101.72.162:443
56 error network This is most likely not a problem with npm itself
56 error network and is related to network connectivity.
56 error network In most cases you are behind a proxy or have bad network settings.
56 error network
56 error network If you are behind a proxy, please make sure that the
56 error network 'proxy' config is set properly.  See: 'npm help config'
57 verbose exit [ 1, true ]
